"2019-05-05 08:15:35","thread":"[restartedMain]", "path":"INFO  goodthings.GoodthingsApplication","msg": Starting GoodthingsApplication on yanghua-PC with PID 5116 (D:\IdeaProjects\goodthings\target\classes started by yanghua in D:\IdeaProjects\goodthings)
"2019-05-05 08:15:35","thread":"[restartedMain]", "path":"INFO  goodthings.GoodthingsApplication","msg": The following profiles are active: dev
"2019-05-05 08:15:35","thread":"[restartedMain]", "path":"INFO  o.s.b.d.e.DevToolsPropertyDefaultsPostProcessor","msg": Devtools property defaults active! Set 'spring.devtools.add-properties' to 'false' to disable
"2019-05-05 08:15:35","thread":"[restartedMain]", "path":"INFO  o.s.b.d.e.DevToolsPropertyDefaultsPostProcessor","msg": For additional web related logging consider setting the 'logging.level.web' property to 'DEBUG'
"2019-05-05 08:15:37","thread":"[restartedMain]", "path":"INFO  o.s.c.s.PostProcessorRegistrationDelegate$BeanPostProcessorChecker","msg": Bean 'org.springframework.transaction.annotation.ProxyTransactionManagementConfiguration' of type [org.springframework.transaction.annotation.ProxyTransactionManagementConfiguration$$EnhancerBySpringCGLIB$$d38acf0e] is not eligible for getting processed by all BeanPostProcessors (for example: not eligible for auto-proxying)
"2019-05-05 08:15:38","thread":"[restartedMain]", "path":"INFO  o.s.b.w.e.tomcat.TomcatWebServer","msg": Tomcat initialized with port(s): 8080 (http)
"2019-05-05 08:15:38","thread":"[restartedMain]", "path":"INFO  o.a.coyote.http11.Http11NioProtocol","msg": Initializing ProtocolHandler ["http-nio-8080"]
"2019-05-05 08:15:38","thread":"[restartedMain]", "path":"INFO  o.a.catalina.core.StandardService","msg": Starting service [Tomcat]
"2019-05-05 08:15:38","thread":"[restartedMain]", "path":"INFO  o.a.catalina.core.StandardEngine","msg": Starting Servlet engine: [Apache Tomcat/9.0.17]
"2019-05-05 08:15:38","thread":"[restartedMain]", "path":"INFO  o.a.c.c.C.[Tomcat].[localhost].[/]","msg": Initializing Spring embedded WebApplicationContext
"2019-05-05 08:15:38","thread":"[restartedMain]", "path":"INFO  o.s.web.context.ContextLoader","msg": Root WebApplicationContext: initialization completed in 3446 ms
"2019-05-05 08:15:39","thread":"[restartedMain]", "path":"INFO  s.d.s.w.PropertySourcedRequestMappingHandlerMapping","msg": Mapped URL path [/v2/api-docs] onto method [public org.springframework.http.ResponseEntity<springfox.documentation.spring.web.json.Json> springfox.documentation.swagger2.web.Swagger2Controller.getDocumentation(java.lang.String,javax.servlet.http.HttpServletRequest)]
"2019-05-05 08:15:39","thread":"[restartedMain]", "path":"INFO  o.s.s.c.ThreadPoolTaskExecutor","msg": Initializing ExecutorService 'applicationTaskExecutor'
"2019-05-05 08:15:39","thread":"[restartedMain]", "path":"INFO  o.s.b.d.a.OptionalLiveReloadServer","msg": LiveReload server is running on port 35729
"2019-05-05 08:15:40","thread":"[restartedMain]", "path":"INFO  s.d.s.w.p.DocumentationPluginsBootstrapper","msg": Context refreshed
"2019-05-05 08:15:40","thread":"[restartedMain]", "path":"INFO  s.d.s.w.p.DocumentationPluginsBootstrapper","msg": Found 1 custom documentation plugin(s)
"2019-05-05 08:15:40","thread":"[restartedMain]", "path":"INFO  s.d.s.w.s.ApiListingReferenceScanner","msg": Scanning for api listing references
"2019-05-05 08:15:40","thread":"[restartedMain]", "path":"INFO  s.d.s.w.r.o.CachingOperationNameGenerator","msg": Generating unique operation named: getGoodsByTagsUsingPOST_1
"2019-05-05 08:15:40","thread":"[restartedMain]", "path":"INFO  o.a.coyote.http11.Http11NioProtocol","msg": Starting ProtocolHandler ["http-nio-8080"]
"2019-05-05 08:15:40","thread":"[restartedMain]", "path":"INFO  o.s.b.w.e.tomcat.TomcatWebServer","msg": Tomcat started on port(s): 8080 (http) with context path ''
"2019-05-05 08:15:40","thread":"[restartedMain]", "path":"INFO  goodthings.GoodthingsApplication","msg": Started GoodthingsApplication in 6.654 seconds (JVM running for 8.499)
"2019-05-05 08:16:38","thread":"[http-nio-8080-exec-1]", "path":"INFO  o.a.c.c.C.[Tomcat].[localhost].[/]","msg": Initializing Spring DispatcherServlet 'dispatcherServlet'
"2019-05-05 08:16:38","thread":"[http-nio-8080-exec-1]", "path":"INFO  o.s.web.servlet.DispatcherServlet","msg": Initializing Servlet 'dispatcherServlet'
"2019-05-05 08:16:38","thread":"[http-nio-8080-exec-1]", "path":"INFO  o.s.web.servlet.DispatcherServlet","msg": Completed initialization in 100 ms
"2019-05-05 08:16:38","thread":"[http-nio-8080-exec-1]", "path":"INFO  g.interceptor.LogCostInterceptor","msg": ip:0:0:0:0:0:0:0:1,请求url:/,参数:{}
"2019-05-05 08:16:38","thread":"[http-nio-8080-exec-1]", "path":"INFO  g.interceptor.LogCostInterceptor","msg": ip:0:0:0:0:0:0:0:1,请求url:/ cost=65
"2019-05-05 08:16:38","thread":"[http-nio-8080-exec-1]", "path":"INFO  g.interceptor.LogCostInterceptor","msg": ip:0:0:0:0:0:0:0:1,请求url:/error,参数:{}
"2019-05-05 08:16:38","thread":"[http-nio-8080-exec-1]", "path":"INFO  g.interceptor.LogCostInterceptor","msg": ip:0:0:0:0:0:0:0:1,请求url:/error cost=35
"2019-05-05 08:16:58","thread":"[http-nio-8080-exec-4]", "path":"INFO  g.interceptor.LogCostInterceptor","msg": ip:0:0:0:0:0:0:0:1,请求url:/index.html,参数:{}
"2019-05-05 08:16:58","thread":"[http-nio-8080-exec-4]", "path":"INFO  g.interceptor.LogCostInterceptor","msg": ip:0:0:0:0:0:0:0:1,请求url:/index.html cost=7
"2019-05-05 08:16:58","thread":"[http-nio-8080-exec-4]", "path":"INFO  g.interceptor.LogCostInterceptor","msg": ip:0:0:0:0:0:0:0:1,请求url:/error,参数:{}
"2019-05-05 08:16:58","thread":"[http-nio-8080-exec-4]", "path":"INFO  g.interceptor.LogCostInterceptor","msg": ip:0:0:0:0:0:0:0:1,请求url:/error cost=5
"2019-05-05 08:17:28","thread":"[http-nio-8080-exec-6]", "path":"INFO  g.interceptor.LogCostInterceptor","msg": ip:0:0:0:0:0:0:0:1,请求url:/swagger-ui.html,参数:{}
"2019-05-05 08:17:28","thread":"[http-nio-8080-exec-6]", "path":"INFO  g.interceptor.LogCostInterceptor","msg": ip:0:0:0:0:0:0:0:1,请求url:/swagger-ui.html cost=4
"2019-05-05 08:17:28","thread":"[http-nio-8080-exec-9]", "path":"INFO  g.interceptor.LogCostInterceptor","msg": ip:0:0:0:0:0:0:0:1,请求url:/webjars/springfox-swagger-ui/swagger-ui-standalone-preset.js,参数:{"v":["2.8.0-SNAPSHOT"]}
"2019-05-05 08:17:28","thread":"[http-nio-8080-exec-7]", "path":"INFO  g.interceptor.LogCostInterceptor","msg": ip:0:0:0:0:0:0:0:1,请求url:/webjars/springfox-swagger-ui/springfox.css,参数:{"v":["2.8.0-SNAPSHOT"]}
"2019-05-05 08:17:28","thread":"[http-nio-8080-exec-10]", "path":"INFO  g.interceptor.LogCostInterceptor","msg": ip:0:0:0:0:0:0:0:1,请求url:/webjars/springfox-swagger-ui/swagger-ui-bundle.js,参数:{"v":["2.8.0-SNAPSHOT"]}
"2019-05-05 08:17:28","thread":"[http-nio-8080-exec-1]", "path":"INFO  g.interceptor.LogCostInterceptor","msg": ip:0:0:0:0:0:0:0:1,请求url:/webjars/springfox-swagger-ui/springfox.js,参数:{"v":["2.8.0-SNAPSHOT"]}
"2019-05-05 08:17:28","thread":"[http-nio-8080-exec-8]", "path":"INFO  g.interceptor.LogCostInterceptor","msg": ip:0:0:0:0:0:0:0:1,请求url:/webjars/springfox-swagger-ui/swagger-ui.css,参数:{"v":["2.8.0-SNAPSHOT"]}
"2019-05-05 08:17:28","thread":"[http-nio-8080-exec-1]", "path":"INFO  g.interceptor.LogCostInterceptor","msg": ip:0:0:0:0:0:0:0:1,请求url:/webjars/springfox-swagger-ui/springfox.js cost=69
"2019-05-05 08:17:28","thread":"[http-nio-8080-exec-7]", "path":"INFO  g.interceptor.LogCostInterceptor","msg": ip:0:0:0:0:0:0:0:1,请求url:/webjars/springfox-swagger-ui/springfox.css cost=76
"2019-05-05 08:17:28","thread":"[http-nio-8080-exec-8]", "path":"INFO  g.interceptor.LogCostInterceptor","msg": ip:0:0:0:0:0:0:0:1,请求url:/webjars/springfox-swagger-ui/swagger-ui.css cost=187
"2019-05-05 08:17:28","thread":"[http-nio-8080-exec-9]", "path":"INFO  g.interceptor.LogCostInterceptor","msg": ip:0:0:0:0:0:0:0:1,请求url:/webjars/springfox-swagger-ui/swagger-ui-standalone-preset.js cost=264
"2019-05-05 08:17:28","thread":"[http-nio-8080-exec-10]", "path":"INFO  g.interceptor.LogCostInterceptor","msg": ip:0:0:0:0:0:0:0:1,请求url:/webjars/springfox-swagger-ui/swagger-ui-bundle.js cost=365
"2019-05-05 08:17:28","thread":"[http-nio-8080-exec-2]", "path":"INFO  g.interceptor.LogCostInterceptor","msg": ip:0:0:0:0:0:0:0:1,请求url:/swagger-resources/configuration/ui,参数:{}
"2019-05-05 08:17:28","thread":"[http-nio-8080-exec-3]", "path":"INFO  g.interceptor.LogCostInterceptor","msg": ip:0:0:0:0:0:0:0:1,请求url:/webjars/springfox-swagger-ui/favicon-32x32.png,参数:{"v":["2.8.0-SNAPSHOT"]}
"2019-05-05 08:17:28","thread":"[http-nio-8080-exec-3]", "path":"INFO  g.interceptor.LogCostInterceptor","msg": ip:0:0:0:0:0:0:0:1,请求url:/webjars/springfox-swagger-ui/favicon-32x32.png cost=21
"2019-05-05 08:17:29","thread":"[http-nio-8080-exec-2]", "path":"INFO  g.interceptor.LogCostInterceptor","msg": ip:0:0:0:0:0:0:0:1,请求url:/swagger-resources/configuration/ui cost=248
"2019-05-05 08:17:29","thread":"[http-nio-8080-exec-4]", "path":"INFO  g.interceptor.LogCostInterceptor","msg": ip:0:0:0:0:0:0:0:1,请求url:/swagger-resources/configuration/security,参数:{}
"2019-05-05 08:17:29","thread":"[http-nio-8080-exec-4]", "path":"INFO  g.interceptor.LogCostInterceptor","msg": ip:0:0:0:0:0:0:0:1,请求url:/swagger-resources/configuration/security cost=11
"2019-05-05 08:17:29","thread":"[http-nio-8080-exec-5]", "path":"INFO  g.interceptor.LogCostInterceptor","msg": ip:0:0:0:0:0:0:0:1,请求url:/swagger-resources,参数:{}
"2019-05-05 08:17:29","thread":"[http-nio-8080-exec-5]", "path":"INFO  g.interceptor.LogCostInterceptor","msg": ip:0:0:0:0:0:0:0:1,请求url:/swagger-resources cost=11
"2019-05-05 08:17:29","thread":"[http-nio-8080-exec-1]", "path":"INFO  g.interceptor.LogCostInterceptor","msg": ip:0:0:0:0:0:0:0:1,请求url:/webjars/springfox-swagger-ui/fonts/titillium-web-v6-latin-700.woff2,参数:{}
"2019-05-05 08:17:29","thread":"[http-nio-8080-exec-7]", "path":"INFO  g.interceptor.LogCostInterceptor","msg": ip:0:0:0:0:0:0:0:1,请求url:/webjars/springfox-swagger-ui/fonts/open-sans-v15-latin-regular.woff2,参数:{}
"2019-05-05 08:17:29","thread":"[http-nio-8080-exec-1]", "path":"INFO  g.interceptor.LogCostInterceptor","msg": ip:0:0:0:0:0:0:0:1,请求url:/webjars/springfox-swagger-ui/fonts/titillium-web-v6-latin-700.woff2 cost=37
"2019-05-05 08:17:29","thread":"[http-nio-8080-exec-7]", "path":"INFO  g.interceptor.LogCostInterceptor","msg": ip:0:0:0:0:0:0:0:1,请求url:/webjars/springfox-swagger-ui/fonts/open-sans-v15-latin-regular.woff2 cost=7
"2019-05-05 08:17:29","thread":"[http-nio-8080-exec-8]", "path":"INFO  g.interceptor.LogCostInterceptor","msg": ip:0:0:0:0:0:0:0:1,请求url:/webjars/springfox-swagger-ui/fonts/open-sans-v15-latin-700.woff2,参数:{}
"2019-05-05 08:17:29","thread":"[http-nio-8080-exec-9]", "path":"INFO  g.interceptor.LogCostInterceptor","msg": ip:0:0:0:0:0:0:0:1,请求url:/webjars/springfox-swagger-ui/fonts/source-code-pro-v7-latin-300.woff2,参数:{}
"2019-05-05 08:17:29","thread":"[http-nio-8080-exec-8]", "path":"INFO  g.interceptor.LogCostInterceptor","msg": ip:0:0:0:0:0:0:0:1,请求url:/webjars/springfox-swagger-ui/fonts/open-sans-v15-latin-700.woff2 cost=3
"2019-05-05 08:17:29","thread":"[http-nio-8080-exec-9]", "path":"INFO  g.interceptor.LogCostInterceptor","msg": ip:0:0:0:0:0:0:0:1,请求url:/webjars/springfox-swagger-ui/fonts/source-code-pro-v7-latin-300.woff2 cost=2
"2019-05-05 08:17:31","thread":"[http-nio-8080-exec-10]", "path":"INFO  g.interceptor.LogCostInterceptor","msg": ip:0:0:0:0:0:0:0:1,请求url:/webjars/springfox-swagger-ui/fonts/source-code-pro-v7-latin-600.woff2,参数:{}
"2019-05-05 08:17:31","thread":"[http-nio-8080-exec-10]", "path":"INFO  g.interceptor.LogCostInterceptor","msg": ip:0:0:0:0:0:0:0:1,请求url:/webjars/springfox-swagger-ui/fonts/source-code-pro-v7-latin-600.woff2 cost=4
"2019-05-05 08:17:40","thread":"[http-nio-8080-exec-3]", "path":"INFO  g.interceptor.LogCostInterceptor","msg": ip:0:0:0:0:0:0:0:1,请求url:/webjars/springfox-swagger-ui/fonts/titillium-web-v6-latin-regular.woff2,参数:{}
"2019-05-05 08:17:40","thread":"[http-nio-8080-exec-3]", "path":"INFO  g.interceptor.LogCostInterceptor","msg": ip:0:0:0:0:0:0:0:1,请求url:/webjars/springfox-swagger-ui/fonts/titillium-web-v6-latin-regular.woff2 cost=14
"2019-05-05 08:17:52","thread":"[http-nio-8080-exec-2]", "path":"INFO  g.interceptor.LogCostInterceptor","msg": ip:0:0:0:0:0:0:0:1,请求url:/goods/tags_goods,参数:{"tag_ids":["2"],"offset":["0"],"pagesize":["20"]}
"2019-05-05 08:17:52","thread":"[http-nio-8080-exec-2]", "path":"INFO  com.zaxxer.hikari.HikariDataSource","msg": HikariPool-1 - Starting...
"2019-05-05 08:17:52","thread":"[http-nio-8080-exec-2]", "path":"INFO  com.zaxxer.hikari.HikariDataSource","msg": HikariPool-1 - Start completed.
"2019-05-05 08:17:52","thread":"[http-nio-8080-exec-2]", "path":"ERROR o.a.c.c.C.[.[.[.[dispatcherServlet]","msg": Servlet.service() for servlet [dispatcherServlet] in context with path [] threw exception [Request processing failed; nested exception is org.springframework.jdbc.BadSqlGrammarException: StatementCallback; bad SQL grammar [select a.id,a.book_name,a.out_link,a.pic_link,a.author,a.press,a.desc,a.caution,a.add_time,c.owner_num,c.approval_num from book as a join goods_tag as b on a.id=b.goods_id and b.category_id=1 join popular as c on b.goods_id=c.b.goods_id and c.category_id=1 where b.tag_id in (2) order by c.approval_num,c.owner_num desc limit 0,20]; nested exception is com.mysql.jdbc.exceptions.jdbc4.MySQLSyntaxErrorException: Unknown column 'c.b.goods_id' in 'on clause'] with root cause
com.mysql.jdbc.exceptions.jdbc4.MySQLSyntaxErrorException: Unknown column 'c.b.goods_id' in 'on clause'
	at sun.reflect.NativeConstructorAccessorImpl.newInstance0(Native Method)
	at sun.reflect.NativeConstructorAccessorImpl.newInstance(NativeConstructorAccessorImpl.java:62)
	at sun.reflect.DelegatingConstructorAccessorImpl.newInstance(DelegatingConstructorAccessorImpl.java:45)
	at java.lang.reflect.Constructor.newInstance(Constructor.java:423)
	at com.mysql.jdbc.Util.handleNewInstance(Util.java:411)
	at com.mysql.jdbc.Util.getInstance(Util.java:386)
	at com.mysql.jdbc.SQLError.createSQLException(SQLError.java:1053)
	at com.mysql.jdbc.MysqlIO.checkErrorPacket(MysqlIO.java:4074)
	at com.mysql.jdbc.MysqlIO.checkErrorPacket(MysqlIO.java:4006)
	at com.mysql.jdbc.MysqlIO.sendCommand(MysqlIO.java:2468)
	at com.mysql.jdbc.MysqlIO.sqlQueryDirect(MysqlIO.java:2629)
	at com.mysql.jdbc.ConnectionImpl.execSQL(ConnectionImpl.java:2713)
	at com.mysql.jdbc.ConnectionImpl.execSQL(ConnectionImpl.java:2663)
	at com.mysql.jdbc.StatementImpl.executeQuery(StatementImpl.java:1599)
	at com.zaxxer.hikari.pool.ProxyStatement.executeQuery(ProxyStatement.java:111)
	at com.zaxxer.hikari.pool.HikariProxyStatement.executeQuery(HikariProxyStatement.java)
	at org.springframework.jdbc.core.JdbcTemplate$1QueryStatementCallback.doInStatement(JdbcTemplate.java:438)
	at org.springframework.jdbc.core.JdbcTemplate.execute(JdbcTemplate.java:375)
	at org.springframework.jdbc.core.JdbcTemplate.query(JdbcTemplate.java:451)
	at org.springframework.jdbc.core.JdbcTemplate.query(JdbcTemplate.java:461)
	at goodthings.dao.DaoService.searchBooks(DaoService.java:50)
	at goodthings.dao.DaoService$$FastClassBySpringCGLIB$$61bbedeb.invoke(<generated>)
	at org.springframework.cglib.proxy.MethodProxy.invoke(MethodProxy.java:218)
	at org.springframework.aop.framework.CglibAopProxy$DynamicAdvisedInterceptor.intercept(CglibAopProxy.java:684)
	at goodthings.dao.DaoService$$EnhancerBySpringCGLIB$$54672afa.searchBooks(<generated>)
	at goodthings.controller.GoodThingsApi.getGoodsByTags(GoodThingsApi.java:52)
	at sun.reflect.NativeMethodAccessorImpl.invoke0(Native Method)
	at sun.reflect.NativeMethodAccessorImpl.invoke(NativeMethodAccessorImpl.java:62)
	at sun.reflect.DelegatingMethodAccessorImpl.invoke(DelegatingMethodAccessorImpl.java:43)
	at java.lang.reflect.Method.invoke(Method.java:498)
	at org.springframework.web.method.support.InvocableHandlerMethod.doInvoke(InvocableHandlerMethod.java:189)
	at org.springframework.web.method.support.InvocableHandlerMethod.invokeForRequest(InvocableHandlerMethod.java:138)
	at org.springframework.web.servlet.mvc.method.annotation.ServletInvocableHandlerMethod.invokeAndHandle(ServletInvocableHandlerMethod.java:102)
	at org.springframework.web.servlet.mvc.method.annotation.RequestMappingHandlerAdapter.invokeHandlerMethod(RequestMappingHandlerAdapter.java:892)
	at org.springframework.web.servlet.mvc.method.annotation.RequestMappingHandlerAdapter.handleInternal(RequestMappingHandlerAdapter.java:797)
	at org.springframework.web.servlet.mvc.method.AbstractHandlerMethodAdapter.handle(AbstractHandlerMethodAdapter.java:87)
	at org.springframework.web.servlet.DispatcherServlet.doDispatch(DispatcherServlet.java:1038)
	at org.springframework.web.servlet.DispatcherServlet.doService(DispatcherServlet.java:942)
	at org.springframework.web.servlet.FrameworkServlet.processRequest(FrameworkServlet.java:1005)
	at org.springframework.web.servlet.FrameworkServlet.doGet(FrameworkServlet.java:897)
	at javax.servlet.http.HttpServlet.service(HttpServlet.java:634)
	at org.springframework.web.servlet.FrameworkServlet.service(FrameworkServlet.java:882)
	at javax.servlet.http.HttpServlet.service(HttpServlet.java:741)
	at org.apache.catalina.core.ApplicationFilterChain.internalDoFilter(ApplicationFilterChain.java:231)
	at org.apache.catalina.core.ApplicationFilterChain.doFilter(ApplicationFilterChain.java:166)
	at org.apache.tomcat.websocket.server.WsFilter.doFilter(WsFilter.java:53)
	at org.apache.catalina.core.ApplicationFilterChain.internalDoFilter(ApplicationFilterChain.java:193)
	at org.apache.catalina.core.ApplicationFilterChain.doFilter(ApplicationFilterChain.java:166)
	at org.springframework.web.filter.RequestContextFilter.doFilterInternal(RequestContextFilter.java:99)
	at org.springframework.web.filter.OncePerRequestFilter.doFilter(OncePerRequestFilter.java:107)
	at org.apache.catalina.core.ApplicationFilterChain.internalDoFilter(ApplicationFilterChain.java:193)
	at org.apache.catalina.core.ApplicationFilterChain.doFilter(ApplicationFilterChain.java:166)
	at org.springframework.web.filter.FormContentFilter.doFilterInternal(FormContentFilter.java:92)
	at org.springframework.web.filter.OncePerRequestFilter.doFilter(OncePerRequestFilter.java:107)
	at org.apache.catalina.core.ApplicationFilterChain.internalDoFilter(ApplicationFilterChain.java:193)
	at org.apache.catalina.core.ApplicationFilterChain.doFilter(ApplicationFilterChain.java:166)
	at org.springframework.web.filter.HiddenHttpMethodFilter.doFilterInternal(HiddenHttpMethodFilter.java:93)
	at org.springframework.web.filter.OncePerRequestFilter.doFilter(OncePerRequestFilter.java:107)
	at org.apache.catalina.core.ApplicationFilterChain.internalDoFilter(ApplicationFilterChain.java:193)
	at org.apache.catalina.core.ApplicationFilterChain.doFilter(ApplicationFilterChain.java:166)
	at org.springframework.web.filter.CharacterEncodingFilter.doFilterInternal(CharacterEncodingFilter.java:200)
	at org.springframework.web.filter.OncePerRequestFilter.doFilter(OncePerRequestFilter.java:107)
	at org.apache.catalina.core.ApplicationFilterChain.internalDoFilter(ApplicationFilterChain.java:193)
	at org.apache.catalina.core.ApplicationFilterChain.doFilter(ApplicationFilterChain.java:166)
	at org.apache.catalina.core.StandardWrapperValve.invoke(StandardWrapperValve.java:200)
	at org.apache.catalina.core.StandardContextValve.invoke(StandardContextValve.java:96)
	at org.apache.catalina.authenticator.AuthenticatorBase.invoke(AuthenticatorBase.java:490)
	at org.apache.catalina.core.StandardHostValve.invoke(StandardHostValve.java:139)
	at org.apache.catalina.valves.ErrorReportValve.invoke(ErrorReportValve.java:92)
	at org.apache.catalina.core.StandardEngineValve.invoke(StandardEngineValve.java:74)
	at org.apache.catalina.connector.CoyoteAdapter.service(CoyoteAdapter.java:343)
	at org.apache.coyote.http11.Http11Processor.service(Http11Processor.java:408)
	at org.apache.coyote.AbstractProcessorLight.process(AbstractProcessorLight.java:66)
	at org.apache.coyote.AbstractProtocol$ConnectionHandler.process(AbstractProtocol.java:834)
	at org.apache.tomcat.util.net.NioEndpoint$SocketProcessor.doRun(NioEndpoint.java:1415)
	at org.apache.tomcat.util.net.SocketProcessorBase.run(SocketProcessorBase.java:49)
	at java.util.concurrent.ThreadPoolExecutor.runWorker(ThreadPoolExecutor.java:1149)
	at java.util.concurrent.ThreadPoolExecutor$Worker.run(ThreadPoolExecutor.java:624)
	at org.apache.tomcat.util.threads.TaskThread$WrappingRunnable.run(TaskThread.java:61)
	at java.lang.Thread.run(Thread.java:748)
"2019-05-05 08:17:52","thread":"[http-nio-8080-exec-2]", "path":"INFO  g.interceptor.LogCostInterceptor","msg": ip:0:0:0:0:0:0:0:1,请求url:/error,参数:{"tag_ids":["2"],"offset":["0"],"pagesize":["20"]}
"2019-05-05 08:17:52","thread":"[http-nio-8080-exec-2]", "path":"INFO  g.interceptor.LogCostInterceptor","msg": ip:0:0:0:0:0:0:0:1,请求url:/error cost=6
"2019-05-05 08:19:07","thread":"[restartedMain]", "path":"INFO  goodthings.GoodthingsApplication","msg": Starting GoodthingsApplication on yanghua-PC with PID 3976 (D:\IdeaProjects\goodthings\target\classes started by yanghua in D:\IdeaProjects\goodthings)
"2019-05-05 08:19:07","thread":"[restartedMain]", "path":"INFO  goodthings.GoodthingsApplication","msg": The following profiles are active: dev
"2019-05-05 08:19:07","thread":"[restartedMain]", "path":"INFO  o.s.b.d.e.DevToolsPropertyDefaultsPostProcessor","msg": Devtools property defaults active! Set 'spring.devtools.add-properties' to 'false' to disable
"2019-05-05 08:19:07","thread":"[restartedMain]", "path":"INFO  o.s.b.d.e.DevToolsPropertyDefaultsPostProcessor","msg": For additional web related logging consider setting the 'logging.level.web' property to 'DEBUG'
"2019-05-05 08:19:08","thread":"[restartedMain]", "path":"INFO  o.s.c.s.PostProcessorRegistrationDelegate$BeanPostProcessorChecker","msg": Bean 'org.springframework.transaction.annotation.ProxyTransactionManagementConfiguration' of type [org.springframework.transaction.annotation.ProxyTransactionManagementConfiguration$$EnhancerBySpringCGLIB$$732183cd] is not eligible for getting processed by all BeanPostProcessors (for example: not eligible for auto-proxying)
"2019-05-05 08:19:09","thread":"[restartedMain]", "path":"INFO  o.s.b.w.e.tomcat.TomcatWebServer","msg": Tomcat initialized with port(s): 8080 (http)
"2019-05-05 08:19:09","thread":"[restartedMain]", "path":"INFO  o.a.coyote.http11.Http11NioProtocol","msg": Initializing ProtocolHandler ["http-nio-8080"]
"2019-05-05 08:19:09","thread":"[restartedMain]", "path":"INFO  o.a.catalina.core.StandardService","msg": Starting service [Tomcat]
"2019-05-05 08:19:09","thread":"[restartedMain]", "path":"INFO  o.a.catalina.core.StandardEngine","msg": Starting Servlet engine: [Apache Tomcat/9.0.17]
"2019-05-05 08:19:09","thread":"[restartedMain]", "path":"INFO  o.a.c.c.C.[Tomcat].[localhost].[/]","msg": Initializing Spring embedded WebApplicationContext
"2019-05-05 08:19:09","thread":"[restartedMain]", "path":"INFO  o.s.web.context.ContextLoader","msg": Root WebApplicationContext: initialization completed in 1639 ms
"2019-05-05 08:19:09","thread":"[restartedMain]", "path":"INFO  s.d.s.w.PropertySourcedRequestMappingHandlerMapping","msg": Mapped URL path [/v2/api-docs] onto method [public org.springframework.http.ResponseEntity<springfox.documentation.spring.web.json.Json> springfox.documentation.swagger2.web.Swagger2Controller.getDocumentation(java.lang.String,javax.servlet.http.HttpServletRequest)]
"2019-05-05 08:19:09","thread":"[restartedMain]", "path":"INFO  o.s.s.c.ThreadPoolTaskExecutor","msg": Initializing ExecutorService 'applicationTaskExecutor'
"2019-05-05 08:19:09","thread":"[restartedMain]", "path":"INFO  o.s.b.d.a.OptionalLiveReloadServer","msg": LiveReload server is running on port 35729
"2019-05-05 08:19:10","thread":"[restartedMain]", "path":"INFO  s.d.s.w.p.DocumentationPluginsBootstrapper","msg": Context refreshed
"2019-05-05 08:19:10","thread":"[restartedMain]", "path":"INFO  s.d.s.w.p.DocumentationPluginsBootstrapper","msg": Found 1 custom documentation plugin(s)
"2019-05-05 08:19:10","thread":"[restartedMain]", "path":"INFO  s.d.s.w.s.ApiListingReferenceScanner","msg": Scanning for api listing references
"2019-05-05 08:19:10","thread":"[restartedMain]", "path":"INFO  s.d.s.w.r.o.CachingOperationNameGenerator","msg": Generating unique operation named: getGoodsByTagsUsingPOST_1
"2019-05-05 08:19:10","thread":"[restartedMain]", "path":"INFO  o.a.coyote.http11.Http11NioProtocol","msg": Starting ProtocolHandler ["http-nio-8080"]
"2019-05-05 08:19:10","thread":"[restartedMain]", "path":"INFO  o.s.b.w.e.tomcat.TomcatWebServer","msg": Tomcat started on port(s): 8080 (http) with context path ''
"2019-05-05 08:19:10","thread":"[restartedMain]", "path":"INFO  goodthings.GoodthingsApplication","msg": Started GoodthingsApplication in 3.409 seconds (JVM running for 4.175)
"2019-05-05 08:19:16","thread":"[http-nio-8080-exec-1]", "path":"INFO  o.a.c.c.C.[Tomcat].[localhost].[/]","msg": Initializing Spring DispatcherServlet 'dispatcherServlet'
"2019-05-05 08:19:16","thread":"[http-nio-8080-exec-1]", "path":"INFO  o.s.web.servlet.DispatcherServlet","msg": Initializing Servlet 'dispatcherServlet'
"2019-05-05 08:19:16","thread":"[http-nio-8080-exec-1]", "path":"INFO  o.s.web.servlet.DispatcherServlet","msg": Completed initialization in 8 ms
"2019-05-05 08:19:16","thread":"[http-nio-8080-exec-1]", "path":"INFO  g.interceptor.LogCostInterceptor","msg": ip:0:0:0:0:0:0:0:1,请求url:/goods/tags_goods,参数:{"tag_ids":["2"],"offset":["0"],"pagesize":["20"]}
"2019-05-05 08:19:16","thread":"[http-nio-8080-exec-1]", "path":"INFO  com.zaxxer.hikari.HikariDataSource","msg": HikariPool-1 - Starting...
"2019-05-05 08:19:16","thread":"[http-nio-8080-exec-1]", "path":"INFO  com.zaxxer.hikari.HikariDataSource","msg": HikariPool-1 - Start completed.
"2019-05-05 08:19:16","thread":"[http-nio-8080-exec-1]", "path":"INFO  g.interceptor.LogCostInterceptor","msg": ip:0:0:0:0:0:0:0:1,请求url:/goods/tags_goods cost=360
"2019-05-05 08:21:01","thread":"[restartedMain]", "path":"INFO  goodthings.GoodthingsApplication","msg": Starting GoodthingsApplication on yanghua-PC with PID 3452 (D:\IdeaProjects\goodthings\target\classes started by yanghua in D:\IdeaProjects\goodthings)
"2019-05-05 08:21:02","thread":"[restartedMain]", "path":"INFO  goodthings.GoodthingsApplication","msg": The following profiles are active: dev
"2019-05-05 08:21:02","thread":"[restartedMain]", "path":"INFO  o.s.b.d.e.DevToolsPropertyDefaultsPostProcessor","msg": Devtools property defaults active! Set 'spring.devtools.add-properties' to 'false' to disable
"2019-05-05 08:21:02","thread":"[restartedMain]", "path":"INFO  o.s.b.d.e.DevToolsPropertyDefaultsPostProcessor","msg": For additional web related logging consider setting the 'logging.level.web' property to 'DEBUG'
"2019-05-05 08:21:03","thread":"[restartedMain]", "path":"INFO  o.s.c.s.PostProcessorRegistrationDelegate$BeanPostProcessorChecker","msg": Bean 'org.springframework.transaction.annotation.ProxyTransactionManagementConfiguration' of type [org.springframework.transaction.annotation.ProxyTransactionManagementConfiguration$$EnhancerBySpringCGLIB$$b006342d] is not eligible for getting processed by all BeanPostProcessors (for example: not eligible for auto-proxying)
"2019-05-05 08:21:03","thread":"[restartedMain]", "path":"INFO  o.s.b.w.e.tomcat.TomcatWebServer","msg": Tomcat initialized with port(s): 8080 (http)
"2019-05-05 08:21:03","thread":"[restartedMain]", "path":"INFO  o.a.coyote.http11.Http11NioProtocol","msg": Initializing ProtocolHandler ["http-nio-8080"]
"2019-05-05 08:21:03","thread":"[restartedMain]", "path":"INFO  o.a.catalina.core.StandardService","msg": Starting service [Tomcat]
"2019-05-05 08:21:03","thread":"[restartedMain]", "path":"INFO  o.a.catalina.core.StandardEngine","msg": Starting Servlet engine: [Apache Tomcat/9.0.17]
"2019-05-05 08:21:03","thread":"[restartedMain]", "path":"INFO  o.a.c.c.C.[Tomcat].[localhost].[/]","msg": Initializing Spring embedded WebApplicationContext
"2019-05-05 08:21:03","thread":"[restartedMain]", "path":"INFO  o.s.web.context.ContextLoader","msg": Root WebApplicationContext: initialization completed in 1634 ms
"2019-05-05 08:21:04","thread":"[restartedMain]", "path":"INFO  s.d.s.w.PropertySourcedRequestMappingHandlerMapping","msg": Mapped URL path [/v2/api-docs] onto method [public org.springframework.http.ResponseEntity<springfox.documentation.spring.web.json.Json> springfox.documentation.swagger2.web.Swagger2Controller.getDocumentation(java.lang.String,javax.servlet.http.HttpServletRequest)]
"2019-05-05 08:21:04","thread":"[restartedMain]", "path":"INFO  o.s.s.c.ThreadPoolTaskExecutor","msg": Initializing ExecutorService 'applicationTaskExecutor'
"2019-05-05 08:21:04","thread":"[restartedMain]", "path":"INFO  o.s.b.d.a.OptionalLiveReloadServer","msg": LiveReload server is running on port 35729
"2019-05-05 08:21:04","thread":"[restartedMain]", "path":"INFO  s.d.s.w.p.DocumentationPluginsBootstrapper","msg": Context refreshed
"2019-05-05 08:21:04","thread":"[restartedMain]", "path":"INFO  s.d.s.w.p.DocumentationPluginsBootstrapper","msg": Found 1 custom documentation plugin(s)
"2019-05-05 08:21:04","thread":"[restartedMain]", "path":"INFO  s.d.s.w.s.ApiListingReferenceScanner","msg": Scanning for api listing references
"2019-05-05 08:21:04","thread":"[restartedMain]", "path":"INFO  s.d.s.w.r.o.CachingOperationNameGenerator","msg": Generating unique operation named: getGoodsByTagsUsingPOST_1
"2019-05-05 08:21:04","thread":"[restartedMain]", "path":"INFO  o.a.coyote.http11.Http11NioProtocol","msg": Starting ProtocolHandler ["http-nio-8080"]
"2019-05-05 08:21:04","thread":"[restartedMain]", "path":"INFO  o.s.b.w.e.tomcat.TomcatWebServer","msg": Tomcat started on port(s): 8080 (http) with context path ''
"2019-05-05 08:21:04","thread":"[restartedMain]", "path":"INFO  goodthings.GoodthingsApplication","msg": Started GoodthingsApplication in 3.492 seconds (JVM running for 4.233)
"2019-05-05 08:21:15","thread":"[http-nio-8080-exec-1]", "path":"INFO  o.a.c.c.C.[Tomcat].[localhost].[/]","msg": Initializing Spring DispatcherServlet 'dispatcherServlet'
"2019-05-05 08:21:15","thread":"[http-nio-8080-exec-1]", "path":"INFO  o.s.web.servlet.DispatcherServlet","msg": Initializing Servlet 'dispatcherServlet'
"2019-05-05 08:21:15","thread":"[http-nio-8080-exec-1]", "path":"INFO  o.s.web.servlet.DispatcherServlet","msg": Completed initialization in 8 ms
"2019-05-05 08:21:15","thread":"[http-nio-8080-exec-1]", "path":"INFO  g.interceptor.LogCostInterceptor","msg": ip:0:0:0:0:0:0:0:1,请求url:/goods/tags_goods,参数:{"tag_ids":["2"],"offset":["0"],"pagesize":["20"]}
"2019-05-05 08:21:15","thread":"[http-nio-8080-exec-1]", "path":"INFO  goodthings.dao.DaoService","msg": select a.id,a.book_name,a.out_link,a.pic_link,a.author,a.press,a.desc,a.caution,a.add_time,c.owner_num,c.approval_num from book as a join goods_tag as b on a.id=b.goods_id and b.category_id=1 join popular as c on b.goods_id=c.goods_id and c.category_id=1 where b.tag_id in (2) order by c.approval_num,c.owner_num desc limit 0,20
"2019-05-05 08:21:15","thread":"[http-nio-8080-exec-1]", "path":"INFO  com.zaxxer.hikari.HikariDataSource","msg": HikariPool-1 - Starting...
"2019-05-05 08:21:15","thread":"[http-nio-8080-exec-1]", "path":"INFO  com.zaxxer.hikari.HikariDataSource","msg": HikariPool-1 - Start completed.
"2019-05-05 08:21:15","thread":"[http-nio-8080-exec-1]", "path":"INFO  g.interceptor.LogCostInterceptor","msg": ip:0:0:0:0:0:0:0:1,请求url:/goods/tags_goods cost=237
"2019-05-05 08:23:02","thread":"[restartedMain]", "path":"INFO  goodthings.GoodthingsApplication","msg": Starting GoodthingsApplication on yanghua-PC with PID 3996 (D:\IdeaProjects\goodthings\target\classes started by yanghua in D:\IdeaProjects\goodthings)
"2019-05-05 08:23:02","thread":"[restartedMain]", "path":"INFO  goodthings.GoodthingsApplication","msg": The following profiles are active: dev
"2019-05-05 08:23:02","thread":"[restartedMain]", "path":"INFO  o.s.b.d.e.DevToolsPropertyDefaultsPostProcessor","msg": Devtools property defaults active! Set 'spring.devtools.add-properties' to 'false' to disable
"2019-05-05 08:23:02","thread":"[restartedMain]", "path":"INFO  o.s.b.d.e.DevToolsPropertyDefaultsPostProcessor","msg": For additional web related logging consider setting the 'logging.level.web' property to 'DEBUG'
"2019-05-05 08:23:03","thread":"[restartedMain]", "path":"INFO  o.s.c.s.PostProcessorRegistrationDelegate$BeanPostProcessorChecker","msg": Bean 'org.springframework.transaction.annotation.ProxyTransactionManagementConfiguration' of type [org.springframework.transaction.annotation.ProxyTransactionManagementConfiguration$$EnhancerBySpringCGLIB$$14849e62] is not eligible for getting processed by all BeanPostProcessors (for example: not eligible for auto-proxying)
"2019-05-05 08:23:04","thread":"[restartedMain]", "path":"INFO  o.s.b.w.e.tomcat.TomcatWebServer","msg": Tomcat initialized with port(s): 8080 (http)
"2019-05-05 08:23:04","thread":"[restartedMain]", "path":"INFO  o.a.coyote.http11.Http11NioProtocol","msg": Initializing ProtocolHandler ["http-nio-8080"]
"2019-05-05 08:23:04","thread":"[restartedMain]", "path":"INFO  o.a.catalina.core.StandardService","msg": Starting service [Tomcat]
"2019-05-05 08:23:04","thread":"[restartedMain]", "path":"INFO  o.a.catalina.core.StandardEngine","msg": Starting Servlet engine: [Apache Tomcat/9.0.17]
"2019-05-05 08:23:04","thread":"[restartedMain]", "path":"INFO  o.a.c.c.C.[Tomcat].[localhost].[/]","msg": Initializing Spring embedded WebApplicationContext
"2019-05-05 08:23:04","thread":"[restartedMain]", "path":"INFO  o.s.web.context.ContextLoader","msg": Root WebApplicationContext: initialization completed in 1670 ms
"2019-05-05 08:23:04","thread":"[restartedMain]", "path":"INFO  s.d.s.w.PropertySourcedRequestMappingHandlerMapping","msg": Mapped URL path [/v2/api-docs] onto method [public org.springframework.http.ResponseEntity<springfox.documentation.spring.web.json.Json> springfox.documentation.swagger2.web.Swagger2Controller.getDocumentation(java.lang.String,javax.servlet.http.HttpServletRequest)]
"2019-05-05 08:23:04","thread":"[restartedMain]", "path":"INFO  o.s.s.c.ThreadPoolTaskExecutor","msg": Initializing ExecutorService 'applicationTaskExecutor'
"2019-05-05 08:23:04","thread":"[restartedMain]", "path":"INFO  o.s.b.d.a.OptionalLiveReloadServer","msg": LiveReload server is running on port 35729
"2019-05-05 08:23:04","thread":"[restartedMain]", "path":"INFO  s.d.s.w.p.DocumentationPluginsBootstrapper","msg": Context refreshed
"2019-05-05 08:23:04","thread":"[restartedMain]", "path":"INFO  s.d.s.w.p.DocumentationPluginsBootstrapper","msg": Found 1 custom documentation plugin(s)
"2019-05-05 08:23:04","thread":"[restartedMain]", "path":"INFO  s.d.s.w.s.ApiListingReferenceScanner","msg": Scanning for api listing references
"2019-05-05 08:23:05","thread":"[restartedMain]", "path":"INFO  s.d.s.w.r.o.CachingOperationNameGenerator","msg": Generating unique operation named: getGoodsByTagsUsingPOST_1
"2019-05-05 08:23:05","thread":"[restartedMain]", "path":"INFO  o.a.coyote.http11.Http11NioProtocol","msg": Starting ProtocolHandler ["http-nio-8080"]
"2019-05-05 08:23:05","thread":"[restartedMain]", "path":"INFO  o.s.b.w.e.tomcat.TomcatWebServer","msg": Tomcat started on port(s): 8080 (http) with context path ''
"2019-05-05 08:23:05","thread":"[restartedMain]", "path":"INFO  goodthings.GoodthingsApplication","msg": Started GoodthingsApplication in 3.226 seconds (JVM running for 4.093)
"2019-05-05 08:23:10","thread":"[http-nio-8080-exec-1]", "path":"INFO  o.a.c.c.C.[Tomcat].[localhost].[/]","msg": Initializing Spring DispatcherServlet 'dispatcherServlet'
"2019-05-05 08:23:10","thread":"[http-nio-8080-exec-1]", "path":"INFO  o.s.web.servlet.DispatcherServlet","msg": Initializing Servlet 'dispatcherServlet'
"2019-05-05 08:23:10","thread":"[http-nio-8080-exec-1]", "path":"INFO  o.s.web.servlet.DispatcherServlet","msg": Completed initialization in 9 ms
"2019-05-05 08:23:10","thread":"[http-nio-8080-exec-1]", "path":"INFO  g.interceptor.LogCostInterceptor","msg": ip:0:0:0:0:0:0:0:1,请求url:/goods/tags_goods,参数:{"tag_ids":["2"],"offset":["0"],"pagesize":["20"]}
"2019-05-05 08:23:10","thread":"[http-nio-8080-exec-1]", "path":"INFO  goodthings.dao.DaoService","msg": select a.id,a.book_name,a.out_link,a.pic_link,a.author,a.press,a.desc,a.caution,a.add_time,c.owner_num,c.approval_num from book as a join goods_tag as b on a.id=b.goods_id and b.category_id=1 join popular as c on b.goods_id=c.goods_id and c.category_id=1 where b.tag_id in (2) order by c.approval_num,c.owner_num desc limit 0,20
"2019-05-05 08:23:10","thread":"[http-nio-8080-exec-1]", "path":"INFO  com.zaxxer.hikari.HikariDataSource","msg": HikariPool-1 - Starting...
"2019-05-05 08:23:10","thread":"[http-nio-8080-exec-1]", "path":"INFO  com.zaxxer.hikari.HikariDataSource","msg": HikariPool-1 - Start completed.
"2019-05-05 08:23:10","thread":"[http-nio-8080-exec-1]", "path":"INFO  g.interceptor.LogCostInterceptor","msg": ip:0:0:0:0:0:0:0:1,请求url:/goods/tags_goods cost=455
"2019-05-05 08:24:01","thread":"[restartedMain]", "path":"INFO  goodthings.GoodthingsApplication","msg": Starting GoodthingsApplication on yanghua-PC with PID 7548 (D:\IdeaProjects\goodthings\target\classes started by yanghua in D:\IdeaProjects\goodthings)
"2019-05-05 08:24:01","thread":"[restartedMain]", "path":"INFO  goodthings.GoodthingsApplication","msg": The following profiles are active: dev
"2019-05-05 08:24:01","thread":"[restartedMain]", "path":"INFO  o.s.b.d.e.DevToolsPropertyDefaultsPostProcessor","msg": Devtools property defaults active! Set 'spring.devtools.add-properties' to 'false' to disable
"2019-05-05 08:24:01","thread":"[restartedMain]", "path":"INFO  o.s.b.d.e.DevToolsPropertyDefaultsPostProcessor","msg": For additional web related logging consider setting the 'logging.level.web' property to 'DEBUG'
"2019-05-05 08:24:02","thread":"[restartedMain]", "path":"INFO  o.s.c.s.PostProcessorRegistrationDelegate$BeanPostProcessorChecker","msg": Bean 'org.springframework.transaction.annotation.ProxyTransactionManagementConfiguration' of type [org.springframework.transaction.annotation.ProxyTransactionManagementConfiguration$$EnhancerBySpringCGLIB$$da19940b] is not eligible for getting processed by all BeanPostProcessors (for example: not eligible for auto-proxying)
"2019-05-05 08:24:02","thread":"[restartedMain]", "path":"INFO  o.s.b.w.e.tomcat.TomcatWebServer","msg": Tomcat initialized with port(s): 9528 (http)
"2019-05-05 08:24:02","thread":"[restartedMain]", "path":"INFO  o.a.coyote.http11.Http11NioProtocol","msg": Initializing ProtocolHandler ["http-nio-9528"]
"2019-05-05 08:24:02","thread":"[restartedMain]", "path":"INFO  o.a.catalina.core.StandardService","msg": Starting service [Tomcat]
"2019-05-05 08:24:02","thread":"[restartedMain]", "path":"INFO  o.a.catalina.core.StandardEngine","msg": Starting Servlet engine: [Apache Tomcat/9.0.17]
"2019-05-05 08:24:02","thread":"[restartedMain]", "path":"INFO  o.a.c.c.C.[Tomcat].[localhost].[/]","msg": Initializing Spring embedded WebApplicationContext
"2019-05-05 08:24:02","thread":"[restartedMain]", "path":"INFO  o.s.web.context.ContextLoader","msg": Root WebApplicationContext: initialization completed in 1641 ms
"2019-05-05 08:24:03","thread":"[restartedMain]", "path":"INFO  s.d.s.w.PropertySourcedRequestMappingHandlerMapping","msg": Mapped URL path [/v2/api-docs] onto method [public org.springframework.http.ResponseEntity<springfox.documentation.spring.web.json.Json> springfox.documentation.swagger2.web.Swagger2Controller.getDocumentation(java.lang.String,javax.servlet.http.HttpServletRequest)]
"2019-05-05 08:24:03","thread":"[restartedMain]", "path":"INFO  o.s.s.c.ThreadPoolTaskExecutor","msg": Initializing ExecutorService 'applicationTaskExecutor'
"2019-05-05 08:24:03","thread":"[restartedMain]", "path":"INFO  o.s.b.d.a.OptionalLiveReloadServer","msg": LiveReload server is running on port 35729
"2019-05-05 08:24:03","thread":"[restartedMain]", "path":"INFO  s.d.s.w.p.DocumentationPluginsBootstrapper","msg": Context refreshed
"2019-05-05 08:24:03","thread":"[restartedMain]", "path":"INFO  s.d.s.w.p.DocumentationPluginsBootstrapper","msg": Found 1 custom documentation plugin(s)
"2019-05-05 08:24:03","thread":"[restartedMain]", "path":"INFO  s.d.s.w.s.ApiListingReferenceScanner","msg": Scanning for api listing references
"2019-05-05 08:24:03","thread":"[restartedMain]", "path":"INFO  s.d.s.w.r.o.CachingOperationNameGenerator","msg": Generating unique operation named: getGoodsByTagsUsingPOST_1
"2019-05-05 08:24:03","thread":"[restartedMain]", "path":"INFO  o.a.coyote.http11.Http11NioProtocol","msg": Starting ProtocolHandler ["http-nio-9528"]
"2019-05-05 08:24:03","thread":"[restartedMain]", "path":"ERROR o.apache.catalina.util.LifecycleBase","msg": Failed to start component [Connector[HTTP/1.1-9528]]
org.apache.catalina.LifecycleException: Protocol handler start failed
	at org.apache.catalina.connector.Connector.startInternal(Connector.java:1008)
	at org.apache.catalina.util.LifecycleBase.start(LifecycleBase.java:183)
	at org.apache.catalina.core.StandardService.addConnector(StandardService.java:226)
	at org.springframework.boot.web.embedded.tomcat.TomcatWebServer.addPreviouslyRemovedConnectors(TomcatWebServer.java:259)
	at org.springframework.boot.web.embedded.tomcat.TomcatWebServer.start(TomcatWebServer.java:197)
	at org.springframework.boot.web.servlet.context.ServletWebServerApplicationContext.startWebServer(ServletWebServerApplicationContext.java:311)
	at org.springframework.boot.web.servlet.context.ServletWebServerApplicationContext.finishRefresh(ServletWebServerApplicationContext.java:164)
	at org.springframework.context.support.AbstractApplicationContext.refresh(AbstractApplicationContext.java:552)
	at org.springframework.boot.web.servlet.context.ServletWebServerApplicationContext.refresh(ServletWebServerApplicationContext.java:142)
	at org.springframework.boot.SpringApplication.refresh(SpringApplication.java:775)
	at org.springframework.boot.SpringApplication.refreshContext(SpringApplication.java:397)
	at org.springframework.boot.SpringApplication.run(SpringApplication.java:316)
	at org.springframework.boot.SpringApplication.run(SpringApplication.java:1260)
	at org.springframework.boot.SpringApplication.run(SpringApplication.java:1248)
	at goodthings.GoodthingsApplication.main(GoodthingsApplication.java:10)
	at sun.reflect.NativeMethodAccessorImpl.invoke0(Native Method)
	at sun.reflect.NativeMethodAccessorImpl.invoke(NativeMethodAccessorImpl.java:62)
	at sun.reflect.DelegatingMethodAccessorImpl.invoke(DelegatingMethodAccessorImpl.java:43)
	at java.lang.reflect.Method.invoke(Method.java:498)
	at org.springframework.boot.devtools.restart.RestartLauncher.run(RestartLauncher.java:49)
Caused by: java.net.BindException: Address already in use: bind
	at sun.nio.ch.Net.bind0(Native Method)
	at sun.nio.ch.Net.bind(Net.java:433)
	at sun.nio.ch.Net.bind(Net.java:425)
	at sun.nio.ch.ServerSocketChannelImpl.bind(ServerSocketChannelImpl.java:223)
	at sun.nio.ch.ServerSocketAdaptor.bind(ServerSocketAdaptor.java:74)
	at org.apache.tomcat.util.net.NioEndpoint.initServerSocket(NioEndpoint.java:236)
	at org.apache.tomcat.util.net.NioEndpoint.bind(NioEndpoint.java:210)
	at org.apache.tomcat.util.net.AbstractEndpoint.bindWithCleanup(AbstractEndpoint.java:1103)
	at org.apache.tomcat.util.net.AbstractEndpoint.start(AbstractEndpoint.java:1189)
	at org.apache.coyote.AbstractProtocol.start(AbstractProtocol.java:568)
	at org.apache.catalina.connector.Connector.startInternal(Connector.java:1005)
	... 19 common frames omitted
"2019-05-05 08:24:03","thread":"[restartedMain]", "path":"INFO  o.a.coyote.http11.Http11NioProtocol","msg": Pausing ProtocolHandler ["http-nio-9528"]
"2019-05-05 08:24:03","thread":"[restartedMain]", "path":"INFO  o.a.catalina.core.StandardService","msg": Stopping service [Tomcat]
"2019-05-05 08:24:03","thread":"[restartedMain]", "path":"INFO  o.apache.catalina.util.LifecycleBase","msg": The stop() method was called on component [StandardServer[-1]] after stop() had already been called. The second call will be ignored.
"2019-05-05 08:24:03","thread":"[restartedMain]", "path":"INFO  o.a.coyote.http11.Http11NioProtocol","msg": Stopping ProtocolHandler ["http-nio-9528"]
"2019-05-05 08:24:03","thread":"[restartedMain]", "path":"INFO  o.a.coyote.http11.Http11NioProtocol","msg": Destroying ProtocolHandler ["http-nio-9528"]
"2019-05-05 08:24:03","thread":"[restartedMain]", "path":"INFO  o.s.b.a.l.ConditionEvaluationReportLoggingListener","msg": 

Error starting ApplicationContext. To display the conditions report re-run your application with 'debug' enabled.
"2019-05-05 08:24:03","thread":"[restartedMain]", "path":"ERROR o.s.b.d.LoggingFailureAnalysisReporter","msg": 

***************************
APPLICATION FAILED TO START
***************************

Description:

The Tomcat connector configured to listen on port 9528 failed to start. The port may already be in use or the connector may be misconfigured.

Action:

Verify the connector's configuration, identify and stop any process that's listening on port 9528, or configure this application to listen on another port.

"2019-05-05 08:24:03","thread":"[restartedMain]", "path":"INFO  o.s.s.c.ThreadPoolTaskExecutor","msg": Shutting down ExecutorService 'applicationTaskExecutor'
"2019-05-05 08:24:25","thread":"[restartedMain]", "path":"INFO  goodthings.GoodthingsApplication","msg": Starting GoodthingsApplication on yanghua-PC with PID 8104 (D:\IdeaProjects\goodthings\target\classes started by yanghua in D:\IdeaProjects\goodthings)
"2019-05-05 08:24:25","thread":"[restartedMain]", "path":"INFO  goodthings.GoodthingsApplication","msg": The following profiles are active: dev
"2019-05-05 08:24:25","thread":"[restartedMain]", "path":"INFO  o.s.b.d.e.DevToolsPropertyDefaultsPostProcessor","msg": Devtools property defaults active! Set 'spring.devtools.add-properties' to 'false' to disable
"2019-05-05 08:24:25","thread":"[restartedMain]", "path":"INFO  o.s.b.d.e.DevToolsPropertyDefaultsPostProcessor","msg": For additional web related logging consider setting the 'logging.level.web' property to 'DEBUG'
"2019-05-05 08:24:26","thread":"[restartedMain]", "path":"INFO  o.s.c.s.PostProcessorRegistrationDelegate$BeanPostProcessorChecker","msg": Bean 'org.springframework.transaction.annotation.ProxyTransactionManagementConfiguration' of type [org.springframework.transaction.annotation.ProxyTransactionManagementConfiguration$$EnhancerBySpringCGLIB$$33ce03c9] is not eligible for getting processed by all BeanPostProcessors (for example: not eligible for auto-proxying)
"2019-05-05 08:24:26","thread":"[restartedMain]", "path":"INFO  o.s.b.w.e.tomcat.TomcatWebServer","msg": Tomcat initialized with port(s): 8080 (http)
"2019-05-05 08:24:26","thread":"[restartedMain]", "path":"INFO  o.a.coyote.http11.Http11NioProtocol","msg": Initializing ProtocolHandler ["http-nio-8080"]
"2019-05-05 08:24:27","thread":"[restartedMain]", "path":"INFO  o.a.catalina.core.StandardService","msg": Starting service [Tomcat]
"2019-05-05 08:24:27","thread":"[restartedMain]", "path":"INFO  o.a.catalina.core.StandardEngine","msg": Starting Servlet engine: [Apache Tomcat/9.0.17]
"2019-05-05 08:24:27","thread":"[restartedMain]", "path":"INFO  o.a.c.c.C.[Tomcat].[localhost].[/]","msg": Initializing Spring embedded WebApplicationContext
"2019-05-05 08:24:27","thread":"[restartedMain]", "path":"INFO  o.s.web.context.ContextLoader","msg": Root WebApplicationContext: initialization completed in 1600 ms
"2019-05-05 08:24:27","thread":"[restartedMain]", "path":"INFO  s.d.s.w.PropertySourcedRequestMappingHandlerMapping","msg": Mapped URL path [/v2/api-docs] onto method [public org.springframework.http.ResponseEntity<springfox.documentation.spring.web.json.Json> springfox.documentation.swagger2.web.Swagger2Controller.getDocumentation(java.lang.String,javax.servlet.http.HttpServletRequest)]
"2019-05-05 08:24:27","thread":"[restartedMain]", "path":"INFO  o.s.s.c.ThreadPoolTaskExecutor","msg": Initializing ExecutorService 'applicationTaskExecutor'
"2019-05-05 08:24:27","thread":"[restartedMain]", "path":"INFO  o.s.b.d.a.OptionalLiveReloadServer","msg": LiveReload server is running on port 35729
"2019-05-05 08:24:27","thread":"[restartedMain]", "path":"INFO  s.d.s.w.p.DocumentationPluginsBootstrapper","msg": Context refreshed
"2019-05-05 08:24:27","thread":"[restartedMain]", "path":"INFO  s.d.s.w.p.DocumentationPluginsBootstrapper","msg": Found 1 custom documentation plugin(s)
"2019-05-05 08:24:27","thread":"[restartedMain]", "path":"INFO  s.d.s.w.s.ApiListingReferenceScanner","msg": Scanning for api listing references
"2019-05-05 08:24:27","thread":"[restartedMain]", "path":"INFO  s.d.s.w.r.o.CachingOperationNameGenerator","msg": Generating unique operation named: getGoodsByTagsUsingPOST_1
"2019-05-05 08:24:27","thread":"[restartedMain]", "path":"INFO  o.a.coyote.http11.Http11NioProtocol","msg": Starting ProtocolHandler ["http-nio-8080"]
"2019-05-05 08:24:27","thread":"[restartedMain]", "path":"INFO  o.s.b.w.e.tomcat.TomcatWebServer","msg": Tomcat started on port(s): 8080 (http) with context path ''
"2019-05-05 08:24:27","thread":"[restartedMain]", "path":"INFO  goodthings.GoodthingsApplication","msg": Started GoodthingsApplication in 3.164 seconds (JVM running for 3.903)
"2019-05-05 08:31:02","thread":"[http-nio-8080-exec-2]", "path":"INFO  o.a.c.c.C.[Tomcat].[localhost].[/]","msg": Initializing Spring DispatcherServlet 'dispatcherServlet'
"2019-05-05 08:31:02","thread":"[http-nio-8080-exec-2]", "path":"INFO  o.s.web.servlet.DispatcherServlet","msg": Initializing Servlet 'dispatcherServlet'
"2019-05-05 08:31:02","thread":"[http-nio-8080-exec-2]", "path":"INFO  o.s.web.servlet.DispatcherServlet","msg": Completed initialization in 8 ms
"2019-05-05 08:31:02","thread":"[http-nio-8080-exec-2]", "path":"INFO  g.interceptor.LogCostInterceptor","msg": ip:127.0.0.1,请求url:/user/info,参数:{"token":["admin-token"]}
"2019-05-05 08:31:02","thread":"[http-nio-8080-exec-2]", "path":"INFO  g.interceptor.LogCostInterceptor","msg": ip:127.0.0.1,请求url:/user/info cost=36
"2019-05-05 08:31:02","thread":"[http-nio-8080-exec-2]", "path":"INFO  g.interceptor.LogCostInterceptor","msg": ip:127.0.0.1,请求url:/error,参数:{"token":["admin-token"]}
"2019-05-05 08:31:02","thread":"[http-nio-8080-exec-2]", "path":"INFO  g.interceptor.LogCostInterceptor","msg": ip:127.0.0.1,请求url:/error cost=67
"2019-05-05 08:31:11","thread":"[http-nio-8080-exec-3]", "path":"INFO  g.interceptor.LogCostInterceptor","msg": ip:127.0.0.1,请求url:/user/login,参数:{}
"2019-05-05 08:31:11","thread":"[http-nio-8080-exec-3]", "path":"INFO  g.interceptor.LogCostInterceptor","msg": ip:127.0.0.1,请求url:/user/login cost=8
"2019-05-05 08:31:11","thread":"[http-nio-8080-exec-3]", "path":"INFO  g.interceptor.LogCostInterceptor","msg": ip:127.0.0.1,请求url:/error,参数:{}
"2019-05-05 08:31:11","thread":"[http-nio-8080-exec-3]", "path":"INFO  g.interceptor.LogCostInterceptor","msg": ip:127.0.0.1,请求url:/error cost=2
